Initialized native services in: /Users/Claudio1/.gradle/native
Connected to daemon DaemonInfo{pid=37202, address=[9ee2fc8d-b358-4a05-928b-3980e9ca1489 port:63565, addresses:[/0:0:0:0:0:0:0:1, /127.0.0.1]], state=Idle, lastBusy=1497476253117, context=DefaultDaemonContext[uid=871749e5-0663-4b43-966b-fa9db069a91a,javaHome=/Library/Java/JavaVirtualMachines/jdk1.8.0_71.jdk/Contents/Home,daemonRegistryDir=/Users/Claudio1/.gradle/daemon,pid=37202,idleTimeout=10800000,daemonOpts=-XX:MaxPermSize=256m,-XX:+HeapDumpOnOutOfMemoryError,-Xmx1024m,-Dfile.encoding=UTF-8,-Duser.country=IT,-Duser.language=it,-Duser.variant]}. Dispatching request Build{id=3a1b9c35-14e2-4eaa-8907-136230bfa10c.1, currentDir=/Users/Claudio1/Documents/School/University/Postdoc/Software/TAKER/TAKER}.
Received result org.gradle.launcher.daemon.protocol.BuildStarted@21129f1f from daemon DaemonInfo{pid=37202, address=[9ee2fc8d-b358-4a05-928b-3980e9ca1489 port:63565, addresses:[/0:0:0:0:0:0:0:1, /127.0.0.1]], state=Idle, lastBusy=1497476253117, context=DefaultDaemonContext[uid=871749e5-0663-4b43-966b-fa9db069a91a,javaHome=/Library/Java/JavaVirtualMachines/jdk1.8.0_71.jdk/Contents/Home,daemonRegistryDir=/Users/Claudio1/.gradle/daemon,pid=37202,idleTimeout=10800000,daemonOpts=-XX:MaxPermSize=256m,-XX:+HeapDumpOnOutOfMemoryError,-Xmx1024m,-Dfile.encoding=UTF-8,-Duser.country=IT,-Duser.language=it,-Duser.variant]} (build should be starting).
The client will now receive all logging from the daemon (pid: 37202). The daemon log file: /Users/Claudio1/.gradle/daemon/3.5/daemon-37202.out.log
Starting 10th build in daemon [uptime: 17 mins 24.495 secs, performance: 100%, no major garbage collections]
Executing build with daemon context: DefaultDaemonContext[uid=871749e5-0663-4b43-966b-fa9db069a91a,javaHome=/Library/Java/JavaVirtualMachines/jdk1.8.0_71.jdk/Contents/Home,daemonRegistryDir=/Users/Claudio1/.gradle/daemon,pid=37202,idleTimeout=10800000,daemonOpts=-XX:MaxPermSize=256m,-XX:+HeapDumpOnOutOfMemoryError,-Xmx1024m,-Dfile.encoding=UTF-8,-Duser.country=IT,-Duser.language=it,-Duser.variant]
Creating new cache for plugin-use-metadata, path /Users/Claudio1/.gradle/caches/3.5/plugin-resolution/plugin-use-metadata.bin, access org.gradle.cache.internal.DefaultCacheAccess@49db92d5
Creating new cache for client-status, path /Users/Claudio1/.gradle/caches/3.5/plugin-resolution/client-status.bin, access org.gradle.cache.internal.DefaultCacheAccess@49db92d5
Starting Build
Settings evaluated using settings file '/Users/Claudio1/Documents/School/University/Postdoc/Software/TAKER/TAKER/settings.gradle'.
Projects loaded. Root project using build file '/Users/Claudio1/Documents/School/University/Postdoc/Software/TAKER/TAKER/build.gradle'.
Included projects: [root project 'TAKER', project ':cltloc', project ':mitli', project ':solvers', project ':timedAutomata']
Evaluating root project 'TAKER' using build file '/Users/Claudio1/Documents/School/University/Postdoc/Software/TAKER/TAKER/build.gradle'.
Using 4 worker leases.
Creating new cache for fileHashes, path /Users/Claudio1/Documents/School/University/Postdoc/Software/TAKER/TAKER/.gradle/3.5/taskHistory/fileHashes.bin, access org.gradle.cache.internal.DefaultCacheAccess@41b8d6a6
Evaluating project ':cltloc' using build file '/Users/Claudio1/Documents/School/University/Postdoc/Software/TAKER/TAKER/cltloc/build.gradle'.
Evaluating project ':mitli' using build file '/Users/Claudio1/Documents/School/University/Postdoc/Software/TAKER/TAKER/mitli/build.gradle'.
Evaluating project ':solvers' using build file '/Users/Claudio1/Documents/School/University/Postdoc/Software/TAKER/TAKER/solvers/build.gradle'.
Evaluating project ':timedAutomata' using build file '/Users/Claudio1/Documents/School/University/Postdoc/Software/TAKER/TAKER/timedAutomata/build.gradle'.
All projects evaluated.
Selected primary task 'clean' from project :
Selected primary task 'test' from project :
Creating new cache for annotation-processors, path /Users/Claudio1/Documents/School/University/Postdoc/Software/TAKER/TAKER/.gradle/3.5/fileContent/annotation-processors.bin, access org.gradle.cache.internal.DefaultCacheAccess@4a36f03c
Tasks to be executed: [task ':clean', task ':cltloc:clean', task ':mitli:clean', task ':solvers:clean', task ':timedAutomata:clean', task ':compileJava', task ':processResources', task ':classes', task ':compileTestJava', task ':processTestResources', task ':testClasses', task ':test', task ':cltloc:compileJava', task ':cltloc:processResources', task ':cltloc:classes', task ':cltloc:compileTestJava', task ':cltloc:processTestResources', task ':cltloc:testClasses', task ':cltloc:test', task ':cltloc:jar', task ':mitli:generateGrammarSource', task ':mitli:compileJava', task ':mitli:processResources', task ':mitli:classes', task ':mitli:generateTestGrammarSource', task ':mitli:compileTestJava', task ':mitli:processTestResources', task ':mitli:testClasses', task ':mitli:test', task ':mitli:jar', task ':solvers:generateGrammarSource', task ':timedAutomata:generateGrammarSource', task ':timedAutomata:compileJava', task ':timedAutomata:processResources', task ':timedAutomata:classes', task ':timedAutomata:jar', task ':solvers:compileJava', task ':solvers:processResources', task ':solvers:classes', task ':solvers:generateTestGrammarSource', task ':solvers:compileTestJava', task ':solvers:processTestResources', task ':solvers:testClasses', task ':solvers:test', task ':timedAutomata:generateTestGrammarSource', task ':timedAutomata:compileTestJava', task ':timedAutomata:processTestResources', task ':timedAutomata:testClasses', task ':timedAutomata:test']
Creating new cache for jvmClassSignatures, path /Users/Claudio1/Documents/School/University/Postdoc/Software/TAKER/TAKER/.gradle/3.5/taskHistory/jvmClassSignatures.bin, access org.gradle.cache.internal.DefaultCacheAccess@41b8d6a6
Creating new cache for fileSnapshots, path /Users/Claudio1/Documents/School/University/Postdoc/Software/TAKER/TAKER/.gradle/3.5/taskHistory/fileSnapshots.bin, access org.gradle.cache.internal.DefaultCacheAccess@41b8d6a6
Creating new cache for taskHistory, path /Users/Claudio1/Documents/School/University/Postdoc/Software/TAKER/TAKER/.gradle/3.5/taskHistory/taskHistory.bin, access org.gradle.cache.internal.DefaultCacheAccess@41b8d6a6
:clean (Thread[Daemon worker Thread 4,5,main]) started.
:clean
Putting task artifact state for task ':clean' into context took 0.0 secs.
Executing task ':clean' (up-to-date check took 0.0 secs) due to:
  Task has not declared any outputs.
:clean UP-TO-DATE
:clean (Thread[Daemon worker Thread 4,5,main]) completed. Took 0.0 secs.
:cltloc:clean (Thread[Daemon worker Thread 4,5,main]) started.
:cltloc:clean
Putting task artifact state for task ':cltloc:clean' into context took 0.0 secs.
Executing task ':cltloc:clean' (up-to-date check took 0.0 secs) due to:
  Task has not declared any outputs.
:cltloc:clean (Thread[Daemon worker Thread 4,5,main]) completed. Took 0.008 secs.
:mitli:clean (Thread[Daemon worker Thread 4,5,main]) started.
:mitli:clean
Putting task artifact state for task ':mitli:clean' into context took 0.0 secs.
Executing task ':mitli:clean' (up-to-date check took 0.0 secs) due to:
  Task has not declared any outputs.
:mitli:clean (Thread[Daemon worker Thread 4,5,main]) completed. Took 0.012 secs.
:solvers:clean (Thread[Daemon worker Thread 4,5,main]) started.
:solvers:clean
Putting task artifact state for task ':solvers:clean' into context took 0.0 secs.
Executing task ':solvers:clean' (up-to-date check took 0.0 secs) due to:
  Task has not declared any outputs.
:solvers:clean UP-TO-DATE
:solvers:clean (Thread[Daemon worker Thread 4,5,main]) completed. Took 0.001 secs.
:timedAutomata:clean (Thread[Daemon worker Thread 4,5,main]) started.
:timedAutomata:clean
Putting task artifact state for task ':timedAutomata:clean' into context took 0.0 secs.
Executing task ':timedAutomata:clean' (up-to-date check took 0.0 secs) due to:
  Task has not declared any outputs.
:timedAutomata:clean UP-TO-DATE
:timedAutomata:clean (Thread[Daemon worker Thread 4,5,main]) completed. Took 0.001 secs.
:compileJava (Thread[Daemon worker Thread 4,5,main]) started.
:compileJava
Putting task artifact state for task ':compileJava' into context took 0.0 secs.
file or directory '/Users/Claudio1/Documents/School/University/Postdoc/Software/TAKER/TAKER/src/main/java', not found
Skipping task ':compileJava' as it has no source files and no previous output files.
:compileJava NO-SOURCE
:compileJava (Thread[Daemon worker Thread 4,5,main]) completed. Took 0.001 secs.
:processResources (Thread[Daemon worker Thread 4,5,main]) started.
:processResources
Putting task artifact state for task ':processResources' into context took 0.0 secs.
file or directory '/Users/Claudio1/Documents/School/University/Postdoc/Software/TAKER/TAKER/src/main/resources', not found
Skipping task ':processResources' as it has no source files and no previous output files.
:processResources NO-SOURCE
:processResources (Thread[Daemon worker Thread 4,5,main]) completed. Took 0.001 secs.
:classes (Thread[Daemon worker Thread 4,5,main]) started.
:classes
Skipping task ':classes' as it has no actions.
:classes UP-TO-DATE
:classes (Thread[Daemon worker Thread 4,5,main]) completed. Took 0.0 secs.
:compileTestJava (Thread[Daemon worker Thread 4,5,main]) started.
:compileTestJava
Putting task artifact state for task ':compileTestJava' into context took 0.0 secs.
file or directory '/Users/Claudio1/Documents/School/University/Postdoc/Software/TAKER/TAKER/src/test/java', not found
Skipping task ':compileTestJava' as it has no source files and no previous output files.
:compileTestJava NO-SOURCE
:compileTestJava (Thread[Daemon worker Thread 4,5,main]) completed. Took 0.001 secs.
:processTestResources (Thread[Daemon worker Thread 4,5,main]) started.
:processTestResources
Putting task artifact state for task ':processTestResources' into context took 0.001 secs.
file or directory '/Users/Claudio1/Documents/School/University/Postdoc/Software/TAKER/TAKER/src/test/resources', not found
Skipping task ':processTestResources' as it has no source files and no previous output files.
:processTestResources NO-SOURCE
:processTestResources (Thread[Daemon worker Thread 4,5,main]) completed. Took 0.001 secs.
:testClasses (Thread[Daemon worker Thread 4,5,main]) started.
:testClasses
Skipping task ':testClasses' as it has no actions.
:testClasses UP-TO-DATE
:testClasses (Thread[Daemon worker Thread 4,5,main]) completed. Took 0.001 secs.
:test (Thread[Daemon worker Thread 4,5,main]) started.
:test
Putting task artifact state for task ':test' into context took 0.001 secs.
file or directory '/Users/Claudio1/Documents/School/University/Postdoc/Software/TAKER/TAKER/build/classes/test', not found
Skipping task ':test' as it has no source files and no previous output files.
:test NO-SOURCE
:test (Thread[Daemon worker Thread 4,5,main]) completed. Took 0.001 secs.
:cltloc:compileJava (Thread[Daemon worker Thread 4,5,main]) started.
:cltloc:compileJava
Putting task artifact state for task ':cltloc:compileJava' into context took 0.001 secs.
Task :cltloc:compileJava class loader hash: 41621835a1ddfd325406e64eb3109d65
Task :cltloc:compileJava actions class loader hashes: [750e1d72030581ace81f7325929812f4, 41621835a1ddfd325406e64eb3109d65]
Creating new cache for metadata-2.23/module-metadata, path /Users/Claudio1/.gradle/caches/modules-2/metadata-2.23/module-metadata.bin, access org.gradle.cache.internal.DefaultCacheAccess@79aab04b
Creating new cache for metadata-2.23/artifact-at-repository, path /Users/Claudio1/.gradle/caches/modules-2/metadata-2.23/artifact-at-repository.bin, access org.gradle.cache.internal.DefaultCacheAccess@79aab04b
Executing task ':cltloc:compileJava' (up-to-date check took 0.008 secs) due to:
  Output property 'destinationDir' file /Users/Claudio1/Documents/School/University/Postdoc/Software/TAKER/TAKER/cltloc/build/classes/main has changed.
  Output property 'destinationDir' file /Users/Claudio1/Documents/School/University/Postdoc/Software/TAKER/TAKER/cltloc/build/classes/main/formulae has been removed.
  Output property 'destinationDir' file /Users/Claudio1/Documents/School/University/Postdoc/Software/TAKER/TAKER/cltloc/build/classes/main/formulae/BinaryFormula.class has been removed.
All input files are considered out-of-date for incremental task ':cltloc:compileJava'.
Compiling with JDK Java compiler API.
:cltloc:compileJava (Thread[Daemon worker Thread 4,5,main]) completed. Took 0.527 secs.
:cltloc:processResources (Thread[Daemon worker Thread 4,5,main]) started.
:cltloc:processResources
Putting task artifact state for task ':cltloc:processResources' into context took 0.0 secs.
file or directory '/Users/Claudio1/Documents/School/University/Postdoc/Software/TAKER/TAKER/cltloc/src/main/resources', not found
file or directory '/Users/Claudio1/Documents/School/University/Postdoc/Software/TAKER/TAKER/cltloc/src/main/resources', not found
Skipping task ':cltloc:processResources' as it has no source files and no previous output files.
:cltloc:processResources NO-SOURCE
:cltloc:processResources (Thread[Daemon worker Thread 4,5,main]) completed. Took 0.002 secs.
:cltloc:classes (Thread[Daemon worker Thread 4,5,main]) started.
:cltloc:classes
Skipping task ':cltloc:classes' as it has no actions.
:cltloc:classes (Thread[Daemon worker Thread 4,5,main]) completed. Took 0.0 secs.
:cltloc:compileTestJava (Thread[Daemon worker Thread 4,5,main]) started.
:cltloc:compileTestJava
Putting task artifact state for task ':cltloc:compileTestJava' into context took 0.001 secs.
file or directory '/Users/Claudio1/Documents/School/University/Postdoc/Software/TAKER/TAKER/cltloc/src/test/java', not found
file or directory '/Users/Claudio1/Documents/School/University/Postdoc/Software/TAKER/TAKER/cltloc/src/test/java', not found
Skipping task ':cltloc:compileTestJava' as it has no source files and no previous output files.
:cltloc:compileTestJava NO-SOURCE
:cltloc:compileTestJava (Thread[Daemon worker Thread 4,5,main]) completed. Took 0.001 secs.
:cltloc:processTestResources (Thread[Daemon worker Thread 4,5,main]) started.
:cltloc:processTestResources
Putting task artifact state for task ':cltloc:processTestResources' into context took 0.0 secs.
file or directory '/Users/Claudio1/Documents/School/University/Postdoc/Software/TAKER/TAKER/cltloc/src/test/resources', not found
file or directory '/Users/Claudio1/Documents/School/University/Postdoc/Software/TAKER/TAKER/cltloc/src/test/resources', not found
Skipping task ':cltloc:processTestResources' as it has no source files and no previous output files.
:cltloc:processTestResources NO-SOURCE
:cltloc:processTestResources (Thread[Daemon worker Thread 4,5,main]) completed. Took 0.001 secs.
:cltloc:testClasses (Thread[Daemon worker Thread 4,5,main]) started.
:cltloc:testClasses
Skipping task ':cltloc:testClasses' as it has no actions.
:cltloc:testClasses UP-TO-DATE
:cltloc:testClasses (Thread[Daemon worker Thread 4,5,main]) completed. Took 0.001 secs.
:cltloc:test (Thread[Daemon worker Thread 4,5,main]) started.
:cltloc:test
Putting task artifact state for task ':cltloc:test' into context took 0.001 secs.
file or directory '/Users/Claudio1/Documents/School/University/Postdoc/Software/TAKER/TAKER/cltloc/build/classes/test', not found
Skipping task ':cltloc:test' as it has no source files and no previous output files.
:cltloc:test NO-SOURCE
:cltloc:test (Thread[Daemon worker Thread 4,5,main]) completed. Took 0.001 secs.
:cltloc:jar (Thread[Daemon worker Thread 4,5,main]) started.
:cltloc:jar
Putting task artifact state for task ':cltloc:jar' into context took 0.001 secs.
Task :cltloc:jar class loader hash: 41621835a1ddfd325406e64eb3109d65
Task :cltloc:jar actions class loader hashes: [750e1d72030581ace81f7325929812f4]
Executing task ':cltloc:jar' (up-to-date check took 0.002 secs) due to:
  Output property 'archivePath' file /Users/Claudio1/Documents/School/University/Postdoc/Software/TAKER/TAKER/cltloc/build/libs/cltloc.jar has changed.
:cltloc:jar (Thread[Daemon worker Thread 4,5,main]) completed. Took 0.028 secs.
:mitli:generateGrammarSource (Thread[Daemon worker Thread 4,5,main]) started.
:mitli:generateGrammarSource
Putting task artifact state for task ':mitli:generateGrammarSource' into context took 0.001 secs.
Task :mitli:generateGrammarSource class loader hash: 41621835a1ddfd325406e64eb3109d65
Task :mitli:generateGrammarSource actions class loader hashes: [750e1d72030581ace81f7325929812f4, 41621835a1ddfd325406e64eb3109d65, ae119a45695d188d1a89a8eee7fab284]
Skipping task ':mitli:generateGrammarSource' as it is up-to-date (took 0.007 secs).
:mitli:generateGrammarSource UP-TO-DATE
:mitli:generateGrammarSource (Thread[Daemon worker Thread 4,5,main]) completed. Took 0.008 secs.
:mitli:compileJava (Thread[Daemon worker Thread 4,5,main]) started.
:mitli:compileJava
Putting task artifact state for task ':mitli:compileJava' into context took 0.0 secs.
Task :mitli:compileJava class loader hash: 41621835a1ddfd325406e64eb3109d65
Task :mitli:compileJava actions class loader hashes: [750e1d72030581ace81f7325929812f4, 41621835a1ddfd325406e64eb3109d65]
file or directory '/Users/Claudio1/Documents/School/University/Postdoc/Software/TAKER/TAKER/mitli/build/generated-src/antlr/main', not found
Executing task ':mitli:compileJava' (up-to-date check took 0.027 secs) due to:
  Output property 'destinationDir' file /Users/Claudio1/Documents/School/University/Postdoc/Software/TAKER/TAKER/mitli/build/classes/main has changed.
  Output property 'destinationDir' file /Users/Claudio1/Documents/School/University/Postdoc/Software/TAKER/TAKER/mitli/build/classes/main/formulae has been removed.
  Output property 'destinationDir' file /Users/Claudio1/Documents/School/University/Postdoc/Software/TAKER/TAKER/mitli/build/classes/main/formulae/mitli has been removed.
All input files are considered out-of-date for incremental task ':mitli:compileJava'.
file or directory '/Users/Claudio1/Documents/School/University/Postdoc/Software/TAKER/TAKER/mitli/build/generated-src/antlr/main', not found
Compiling with JDK Java compiler API.
:mitli:compileJava (Thread[Daemon worker Thread 4,5,main]) completed. Took 0.695 secs.
:mitli:processResources (Thread[Daemon worker Thread 4,5,main]) started.
:mitli:processResources
Putting task artifact state for task ':mitli:processResources' into context took 0.0 secs.
file or directory '/Users/Claudio1/Documents/School/University/Postdoc/Software/TAKER/TAKER/mitli/src/main/resources', not found
file or directory '/Users/Claudio1/Documents/School/University/Postdoc/Software/TAKER/TAKER/mitli/src/main/resources', not found
Skipping task ':mitli:processResources' as it has no source files and no previous output files.
:mitli:processResources NO-SOURCE
:mitli:processResources (Thread[Daemon worker Thread 4,5,main]) completed. Took 0.003 secs.
:mitli:classes (Thread[Daemon worker Thread 4,5,main]) started.
:mitli:classes
Skipping task ':mitli:classes' as it has no actions.
:mitli:classes (Thread[Daemon worker Thread 4,5,main]) completed. Took 0.003 secs.
:mitli:generateTestGrammarSource (Thread[Daemon worker Thread 4,5,main]) started.
:mitli:generateTestGrammarSource
Putting task artifact state for task ':mitli:generateTestGrammarSource' into context took 0.0 secs.
file or directory '/Users/Claudio1/Documents/School/University/Postdoc/Software/TAKER/TAKER/mitli/src/test/antlr', not found
Skipping task ':mitli:generateTestGrammarSource' as it has no source files and no previous output files.
:mitli:generateTestGrammarSource NO-SOURCE
:mitli:generateTestGrammarSource (Thread[Daemon worker Thread 4,5,main]) completed. Took 0.002 secs.
:mitli:compileTestJava (Thread[Daemon worker Thread 4,5,main]) started.
:mitli:compileTestJava
Putting task artifact state for task ':mitli:compileTestJava' into context took 0.002 secs.
Task :mitli:compileTestJava class loader hash: 41621835a1ddfd325406e64eb3109d65
Task :mitli:compileTestJava actions class loader hashes: [750e1d72030581ace81f7325929812f4, 41621835a1ddfd325406e64eb3109d65]
file or directory '/Users/Claudio1/Documents/School/University/Postdoc/Software/TAKER/TAKER/mitli/build/generated-src/antlr/test', not found
Executing task ':mitli:compileTestJava' (up-to-date check took 0.023 secs) due to:
  Output property 'destinationDir' file /Users/Claudio1/Documents/School/University/Postdoc/Software/TAKER/TAKER/mitli/build/classes/test has changed.
  Output property 'destinationDir' file /Users/Claudio1/Documents/School/University/Postdoc/Software/TAKER/TAKER/mitli/build/classes/test/formulae has been removed.
  Output property 'destinationDir' file /Users/Claudio1/Documents/School/University/Postdoc/Software/TAKER/TAKER/mitli/build/classes/test/formulae/mitli has been removed.
All input files are considered out-of-date for incremental task ':mitli:compileTestJava'.
file or directory '/Users/Claudio1/Documents/School/University/Postdoc/Software/TAKER/TAKER/mitli/build/generated-src/antlr/test', not found
Compiling with JDK Java compiler API.
:mitli:compileTestJava (Thread[Daemon worker Thread 4,5,main]) completed. Took 0.092 secs.
:mitli:processTestResources (Thread[Daemon worker Thread 4,5,main]) started.
:mitli:processTestResources
Putting task artifact state for task ':mitli:processTestResources' into context took 0.001 secs.
Task :mitli:processTestResources class loader hash: 41621835a1ddfd325406e64eb3109d65
Task :mitli:processTestResources actions class loader hashes: [750e1d72030581ace81f7325929812f4]
Executing task ':mitli:processTestResources' (up-to-date check took 0.003 secs) due to:
  Output property 'destinationDir' file /Users/Claudio1/Documents/School/University/Postdoc/Software/TAKER/TAKER/mitli/build/resources/test has changed.
  Output property 'destinationDir' file /Users/Claudio1/Documents/School/University/Postdoc/Software/TAKER/TAKER/mitli/build/resources/test/formulae has been removed.
  Output property 'destinationDir' file /Users/Claudio1/Documents/School/University/Postdoc/Software/TAKER/TAKER/mitli/build/resources/test/formulae/mitli has been removed.
:mitli:processTestResources (Thread[Daemon worker Thread 4,5,main]) completed. Took 0.028 secs.
:mitli:testClasses (Thread[Daemon worker Thread 4,5,main]) started.
:mitli:testClasses
Skipping task ':mitli:testClasses' as it has no actions.
:mitli:testClasses (Thread[Daemon worker Thread 4,5,main]) completed. Took 0.0 secs.
:mitli:test (Thread[Daemon worker Thread 4,5,main]) started.
:mitli:test
Putting task artifact state for task ':mitli:test' into context took 0.002 secs.
Task :mitli:test class loader hash: 41621835a1ddfd325406e64eb3109d65
Task :mitli:test actions class loader hashes: [750e1d72030581ace81f7325929812f4, 41621835a1ddfd325406e64eb3109d65]
Executing task ':mitli:test' (up-to-date check took 0.012 secs) due to:
  Value of input property 'filter.includePatterns' has changed for task ':mitli:test'
Starting process 'Gradle Test Executor 1'. Working directory: /Users/Claudio1/Documents/School/University/Postdoc/Software/TAKER/TAKER/mitli Command: /Library/Java/JavaVirtualMachines/jdk1.8.0_71.jdk/Contents/Home/bin/java -Djava.security.manager=worker.org.gradle.process.internal.worker.child.BootstrapSecurityManager -Dfile.encoding=UTF-8 -Duser.country=IT -Duser.language=it -Duser.variant -ea -cp /Users/Claudio1/.gradle/caches/3.5/workerMain/gradle-worker.jar worker.org.gradle.process.internal.worker.GradleWorkerMain 'Gradle Test Executor 1'
Successfully started process 'Gradle Test Executor 1'
Initialized native services in: /Users/Claudio1/.gradle/native
Gradle Test Executor 1 started executing tests.
Gradle Test Executor 1 finished executing tests.
:mitli:test FAILED
:mitli:test (Thread[Daemon worker Thread 4,5,main]) completed. Took 0.765 secs.

BUILD FAILED

Total time: 3.015 secs
Stopped 0 worker daemon(s).
Received result Failure[value=org.gradle.initialization.ReportedException: org.gradle.internal.exceptions.LocationAwareException: Execution failed for task ':mitli:test'.] from daemon DaemonInfo{pid=37202, address=[9ee2fc8d-b358-4a05-928b-3980e9ca1489 port:63565, addresses:[/0:0:0:0:0:0:0:1, /127.0.0.1]], state=Idle, lastBusy=1497476253117, context=DefaultDaemonContext[uid=871749e5-0663-4b43-966b-fa9db069a91a,javaHome=/Library/Java/JavaVirtualMachines/jdk1.8.0_71.jdk/Contents/Home,daemonRegistryDir=/Users/Claudio1/.gradle/daemon,pid=37202,idleTimeout=10800000,daemonOpts=-XX:MaxPermSize=256m,-XX:+HeapDumpOnOutOfMemoryError,-Xmx1024m,-Dfile.encoding=UTF-8,-Duser.country=IT,-Duser.language=it,-Duser.variant]} (build should be done).
